<?xml version="1.0" encoding="UTF-8"?>
<!-- Generated by org.testng.reporters.JUnitReportReporter -->
<testsuite hostname="Karthikas-Air" failures="3" tests="54" name="parallel.parallelrun" time="584.683" errors="1" timestamp="2024-03-28T14:01:00 PDT" skipped="0">
  <testcase classname="parallel.parallelrun" name="runScenario" time="11.169"/>
  <testcase classname="parallel.parallelrun" name="runScenario" time="14.790"/>
  <testcase classname="parallel.parallelrun" name="runScenario" time="18.307"/>
  <testcase classname="parallel.parallelrun" name="runScenario" time="9.792">
    <error message="element not interactable
  (Session info: chrome=123.0.6312.87)
Build info: version: &#039;4.18.1&#039;, revision: &#039;b1d3319b48&#039;
System info: os.name: &#039;Mac OS X&#039;, os.arch: &#039;aarch64&#039;, os.version: &#039;13.4&#039;, java.version: &#039;17.0.8.1&#039;
Driver info: org.openqa.selenium.chrome.ChromeDriver
Command: [4c4c3fb35e7bfa38d4b8d3cf4a2a189c, sendKeysToElement {value=[Ljava.lang.CharSequence;@17fcb4fd, id=f.D892C94CBD5085853E5D31921660E108.d.CC98A856298E57906DF11D6A7933A0BE.e.48}]
Capabilities {acceptInsecureCerts: false, browserName: chrome, browserVersion: 123.0.6312.87, chrome: {chromedriverVersion: 123.0.6312.86 (9b72c47a0536..., userDataDir: /var/folders/qz/lb_z2h0j7ll...}, fedcm:accounts: true, goog:chromeOptions: {debuggerAddress: localhost:59386}, networkConnectionEnabled: false, pageLoadStrategy: normal, platformName: mac, proxy: Proxy(), se:cdp: ws://localhost:59386/devtoo..., se:cdpVersion: 123.0.6312.87, setWindowRect: true, strictFileInteractability: false, timeouts: {implicit: 0, pageLoad: 300000, script: 30000}, unhandledPromptBehavior: dismiss and notify, webauthn:extension:credBlob: true, webauthn:extension:largeBlob: true, webauthn:extension:minPinLength: true, webauthn:extension:prf: true, webauthn:virtualAuthenticators: true}
Element: [[ChromeDriver: chrome on mac (4c4c3fb35e7bfa38d4b8d3cf4a2a189c)] -&gt; xpath: //form[@id=&#039;answer_form&#039;]/div/div/div/textarea]
Session ID: 4c4c3fb35e7bfa38d4b8d3cf4a2a189c" type="org.openqa.selenium.ElementNotInteractableException">
      <![CDATA[org.openqa.selenium.ElementNotInteractableException: element not interactable
  (Session info: chrome=123.0.6312.87)
Build info: version: '4.18.1', revision: 'b1d3319b48'
System info: os.name: 'Mac OS X', os.arch: 'aarch64', os.version: '13.4', java.version: '17.0.8.1'
Driver info: org.openqa.selenium.chrome.ChromeDriver
Command: [4c4c3fb35e7bfa38d4b8d3cf4a2a189c, sendKeysToElement {value=[Ljava.lang.CharSequence;@17fcb4fd, id=f.D892C94CBD5085853E5D31921660E108.d.CC98A856298E57906DF11D6A7933A0BE.e.48}]
Capabilities {acceptInsecureCerts: false, browserName: chrome, browserVersion: 123.0.6312.87, chrome: {chromedriverVersion: 123.0.6312.86 (9b72c47a0536..., userDataDir: /var/folders/qz/lb_z2h0j7ll...}, fedcm:accounts: true, goog:chromeOptions: {debuggerAddress: localhost:59386}, networkConnectionEnabled: false, pageLoadStrategy: normal, platformName: mac, proxy: Proxy(), se:cdp: ws://localhost:59386/devtoo..., se:cdpVersion: 123.0.6312.87, setWindowRect: true, strictFileInteractability: false, timeouts: {implicit: 0, pageLoad: 300000, script: 30000}, unhandledPromptBehavior: dismiss and notify, webauthn:extension:credBlob: true, webauthn:extension:largeBlob: true, webauthn:extension:minPinLength: true, webauthn:extension:prf: true, webauthn:virtualAuthenticators: true}
Element: [[ChromeDriver: chrome on mac (4c4c3fb35e7bfa38d4b8d3cf4a2a189c)] -> xpath: //form[@id='answer_form']/div/div/div/textarea]
Session ID: 4c4c3fb35e7bfa38d4b8d3cf4a2a189c
at java.base/jdk.internal.reflect.NativeConstructorAccessorImpl.newInstance0(Native Method)
at java.base/jdk.internal.reflect.NativeConstructorAccessorImpl.newInstance(NativeConstructorAccessorImpl.java:77)
at java.base/jdk.internal.reflect.DelegatingConstructorAccessorImpl.newInstance(DelegatingConstructorAccessorImpl.java:45)
at java.base/java.lang.reflect.Constructor.newInstanceWithCaller(Constructor.java:499)
at java.base/java.lang.reflect.Constructor.newInstance(Constructor.java:480)
at org.openqa.selenium.remote.ErrorCodec.decode(ErrorCodec.java:167)
at org.openqa.selenium.remote.codec.w3c.W3CHttpResponseCodec.decode(W3CHttpResponseCodec.java:138)
at org.openqa.selenium.remote.codec.w3c.W3CHttpResponseCodec.decode(W3CHttpResponseCodec.java:50)
at org.openqa.selenium.remote.HttpCommandExecutor.execute(HttpCommandExecutor.java:190)
at org.openqa.selenium.remote.service.DriverCommandExecutor.invokeExecute(DriverCommandExecutor.java:216)
at org.openqa.selenium.remote.service.DriverCommandExecutor.execute(DriverCommandExecutor.java:174)
at org.openqa.selenium.remote.RemoteWebDriver.execute(RemoteWebDriver.java:519)
at org.openqa.selenium.remote.RemoteWebElement.execute(RemoteWebElement.java:223)
at org.openqa.selenium.remote.RemoteWebElement.sendKeys(RemoteWebElement.java:110)
at com_Pages.Arrays_Page_S2.sendcode(Arrays_Page_S2.java:249)
at parallel.Arrays_S2.type_code_click_run_button(Arrays_S2.java:84)
at ✽.Type Sample print "karthi" and click run button(file:///Users/karthikaramesh/eclipse-workspace/TechNinja_152/src/test/resources/parallel/Stack.feature:25)
]]>
    </error>
  </testcase> <!-- runScenario -->
  <testcase classname="parallel.parallelrun" name="runScenario" time="11.016"/>
  <testcase classname="parallel.parallelrun" name="runScenario" time="10.352"/>
  <testcase classname="parallel.parallelrun" name="runScenario" time="3.499"/>
  <testcase classname="parallel.parallelrun" name="runScenario" time="8.827"/>
  <testcase classname="parallel.parallelrun" name="runScenario" time="3.833"/>
  <testcase classname="parallel.parallelrun" name="runScenario" time="5.922"/>
  <testcase classname="parallel.parallelrun" name="runScenario" time="9.197"/>
  <testcase classname="parallel.parallelrun" name="runScenario" time="29.082"/>
  <testcase classname="parallel.parallelrun" name="runScenario" time="10.993"/>
  <testcase classname="parallel.parallelrun" name="runScenario" time="5.895"/>
  <testcase classname="parallel.parallelrun" name="runScenario" time="10.050"/>
  <testcase classname="parallel.parallelrun" name="runScenario" time="3.185"/>
  <testcase classname="parallel.parallelrun" name="runScenario" time="14.802"/>
  <testcase classname="parallel.parallelrun" name="runScenario" time="14.800"/>
  <testcase classname="parallel.parallelrun" name="runScenario" time="7.049"/>
  <testcase classname="parallel.parallelrun" name="runScenario" time="14.808"/>
  <testcase classname="parallel.parallelrun" name="runScenario" time="12.161"/>
  <testcase classname="parallel.parallelrun" name="runScenario" time="3.682"/>
  <testcase classname="parallel.parallelrun" name="runScenario" time="5.895"/>
  <testcase classname="parallel.parallelrun" name="runScenario" time="8.349"/>
  <testcase classname="parallel.parallelrun" name="runScenario" time="8.063"/>
  <testcase classname="parallel.parallelrun" name="runScenario" time="11.007"/>
  <testcase classname="parallel.parallelrun" name="runScenario" time="10.004"/>
  <testcase classname="parallel.parallelrun" name="runScenario" time="6.920"/>
  <testcase classname="parallel.parallelrun" name="runScenario" time="10.334"/>
  <testcase classname="parallel.parallelrun" name="runScenario" time="11.083"/>
  <testcase classname="parallel.parallelrun" name="runScenario" time="18.160"/>
  <testcase classname="parallel.parallelrun" name="runScenario" time="10.983"/>
  <testcase classname="parallel.parallelrun" name="runScenario" time="10.781"/>
  <testcase classname="parallel.parallelrun" name="runScenario" time="3.855"/>
  <testcase classname="parallel.parallelrun" name="runScenario" time="18.195"/>
  <testcase classname="parallel.parallelrun" name="runScenario" time="12.440"/>
  <testcase classname="parallel.parallelrun" name="runScenario" time="10.754"/>
  <testcase classname="parallel.parallelrun" name="runScenario" time="4.258"/>
  <testcase classname="parallel.parallelrun" name="runScenario" time="3.671"/>
  <testcase classname="parallel.parallelrun" name="runScenario" time="12.380"/>
  <testcase classname="parallel.parallelrun" name="runScenario" time="11.174"/>
  <testcase classname="parallel.parallelrun" name="runScenario" time="25.733"/>
  <testcase classname="parallel.parallelrun" name="runScenario" time="9.367"/>
  <testcase classname="parallel.parallelrun" name="runScenario" time="16.722">
    <failure type="java.lang.AssertionError">
      <![CDATA[java.lang.AssertionError
at org.junit.Assert.fail(Assert.java:86)
at org.junit.Assert.assertTrue(Assert.java:41)
at org.junit.Assert.assertTrue(Assert.java:52)
at parallel.Arrays_S2.message_in_console(Arrays_S2.java:137)
at ✽."Error occurred during submission" message displayed in console(file:///Users/karthikaramesh/eclipse-workspace/TechNinja_152/src/test/resources/parallel/Arrays_S2.feature:50)
]]>
    </failure>
  </testcase> <!-- runScenario -->
  <testcase classname="parallel.parallelrun" name="runScenario" time="11.595"/>
  <testcase classname="parallel.parallelrun" name="runScenario" time="18.315">
    <failure type="java.lang.AssertionError">
      <![CDATA[java.lang.AssertionError
at org.junit.Assert.fail(Assert.java:86)
at org.junit.Assert.assertTrue(Assert.java:41)
at org.junit.Assert.assertTrue(Assert.java:52)
at parallel.Arrays_S2.message_in_console(Arrays_S2.java:137)
at ✽." Some Tests failed. Please review code" message displayed in console(file:///Users/karthikaramesh/eclipse-workspace/TechNinja_152/src/test/resources/parallel/Arrays_S2.feature:75)
]]>
    </failure>
  </testcase> <!-- runScenario -->
  <testcase classname="parallel.parallelrun" name="runScenario" time="3.861"/>
  <testcase classname="parallel.parallelrun" name="runScenario" time="16.797">
    <failure type="java.lang.AssertionError">
      <![CDATA[java.lang.AssertionError
at org.junit.Assert.fail(Assert.java:86)
at org.junit.Assert.assertTrue(Assert.java:41)
at org.junit.Assert.assertTrue(Assert.java:52)
at parallel.Arrays_S2.message_in_console(Arrays_S2.java:137)
at ✽."Error occurred during submission" message displayed in console(file:///Users/karthikaramesh/eclipse-workspace/TechNinja_152/src/test/resources/parallel/Arrays_S2.feature:50)
]]>
    </failure>
  </testcase> <!-- runScenario -->
  <testcase classname="parallel.parallelrun" name="runScenario" time="12.158"/>
  <testcase classname="parallel.parallelrun" name="runScenario" time="11.093"/>
  <testcase classname="parallel.parallelrun" name="runScenario" time="9.615"/>
  <testcase classname="parallel.parallelrun" name="runScenario" time="8.194"/>
  <testcase classname="parallel.parallelrun" name="runScenario" time="7.357"/>
  <testcase classname="parallel.parallelrun" name="runScenario" time="12.359"/>
</testsuite> <!-- parallel.parallelrun -->
